<?xml version="1.0" encoding="UTF-8"?>
<testsuite name="CircularArrayTest" tests="2" skipped="0" failures="0" errors="0" timestamp="2021-05-06T03:48:52" hostname="C02C83P6MD6M.group.on" time="0.003">
  <properties/>
  <testcase name="sampleTest" classname="CircularArrayTest" time="0.003"/>
  <testcase name="MyTestWorks" classname="CircularArrayTest" time="0.0"/>
  <system-out><![CDATA[]]></system-out>
  <system-err><![CDATA[]]></system-err>
</testsuite>
